# JRE version: OpenJDK Runtime Environment (8.0_242-b01) (build 1.8.0_242-release-1644-b01)
# Java VM: OpenJDK 64-Bit Server VM (25.242-b01 mixed mode windows-amd64 compressed oops)
Heap:
 PSYoungGen      total 658944K, used 596841K [0x00000000d5580000, 0x00000000ffe80000, 0x0000000100000000)
  eden space 623104K, 93% used [0x00000000d5580000,0x00000000f8e069a0,0x00000000fb600000)
  from space 35840K, 40% used [0x00000000fb600000,0x00000000fc453aa8,0x00000000fd900000)
  to   space 33792K, 0% used [0x00000000fdd80000,0x00000000fdd80000,0x00000000ffe80000)
 ParOldGen       total 179200K, used 121989K [0x0000000080000000, 0x000000008af00000, 0x00000000d5580000)
  object space 179200K, 68% used [0x0000000080000000,0x0000000087721688,0x000000008af00000)
 Metaspace       used 105622K, capacity 110868K, committed 111000K, reserved 1144832K
  class space    used 13623K, capacity 14658K, committed 14768K, reserved 1048576K
GC Heap History (10 events):
Event: 489.656 GC heap before
{Heap before GC invocations=25 (full 4):
 PSYoungGen      total 457728K, used 456839K [0x00000000d5580000, 0x00000000f4100000, 0x0000000100000000)
  eden space 423424K, 100% used [0x00000000d5580000,0x00000000ef300000,0x00000000ef300000)
  from space 34304K, 97% used [0x00000000f1900000,0x00000000f39a1fc0,0x00000000f3a80000)
  to   space 38912K, 0% used [0x00000000ef300000,0x00000000ef300000,0x00000000f1900000)
 ParOldGen       total 179200K, used 72344K [0x0000000080000000, 0x000000008af00000, 0x00000000d5580000)
  object space 179200K, 40% used [0x0000000080000000,0x00000000846a61a0,0x000000008af00000)
 Metaspace       used 105254K, capacity 110496K, committed 110616K, reserved 1144832K
  class space    used 13599K, capacity 14612K, committed 14640K, reserved 1048576K
Event: 490.293 GC heap after
Heap after GC invocations=25 (full 4):
 PSYoungGen      total 462336K, used 8608K [0x00000000d5580000, 0x00000000fb280000, 0x0000000100000000)
  eden space 423424K, 0% used [0x00000000d5580000,0x00000000d5580000,0x00000000ef300000)
  from space 38912K, 22% used [0x00000000ef300000,0x00000000efb68088,0x00000000f1900000)
  to   space 38400K, 0% used [0x00000000f8d00000,0x00000000f8d00000,0x00000000fb280000)
 ParOldGen       total 179200K, used 102393K [0x0000000080000000, 0x000000008af00000, 0x00000000d5580000)
  object space 179200K, 57% used [0x0000000080000000,0x00000000863fe5f8,0x000000008af00000)
 Metaspace       used 105254K, capacity 110496K, committed 110616K, reserved 1144832K
  class space    used 13599K, capacity 14612K, committed 14640K, reserved 1048576K
}
Event: 495.756 GC heap before
{Heap before GC invocations=26 (full 4):
 PSYoungGen      total 462336K, used 432032K [0x00000000d5580000, 0x00000000fb280000, 0x0000000100000000)
  eden space 423424K, 100% used [0x00000000d5580000,0x00000000ef300000,0x00000000ef300000)
  from space 38912K, 22% used [0x00000000ef300000,0x00000000efb68088,0x00000000f1900000)
  to   space 38400K, 0% used [0x00000000f8d00000,0x00000000f8d00000,0x00000000fb280000)
 ParOldGen       total 179200K, used 102393K [0x0000000080000000, 0x000000008af00000, 0x00000000d5580000)
  object space 179200K, 57% used [0x0000000080000000,0x00000000863fe5f8,0x000000008af00000)
 Metaspace       used 105283K, capacity 110504K, committed 110616K, reserved 1144832K
  class space    used 13599K, capacity 14612K, committed 14640K, reserved 1048576K
Event: 496.005 GC heap after
Heap after GC invocations=26 (full 4):
 PSYoungGen      total 574976K, used 4064K [0x00000000d5580000, 0x00000000faf80000, 0x0000000100000000)
  eden space 539648K, 0% used [0x00000000d5580000,0x00000000d5580000,0x00000000f6480000)
  from space 35328K, 11% used [0x00000000f8d00000,0x00000000f90f8000,0x00000000faf80000)
  to   space 38400K, 0% used [0x00000000f6480000,0x00000000f6480000,0x00000000f8a00000)
 ParOldGen       total 179200K, used 108472K [0x0000000080000000, 0x000000008af00000, 0x00000000d5580000)
  object space 179200K, 60% used [0x0000000080000000,0x00000000869ee0c0,0x000000008af00000)
 Metaspace       used 105283K, capacity 110504K, committed 110616K, reserved 1144832K
  class space    used 13599K, capacity 14612K, committed 14640K, reserved 1048576K
}
Event: 503.356 GC heap before
{Heap before GC invocations=27 (full 4):
 PSYoungGen      total 574976K, used 543712K [0x00000000d5580000, 0x00000000faf80000, 0x0000000100000000)
  eden space 539648K, 100% used [0x00000000d5580000,0x00000000f6480000,0x00000000f6480000)
  from space 35328K, 11% used [0x00000000f8d00000,0x00000000f90f8000,0x00000000faf80000)
  to   space 38400K, 0% used [0x00000000f6480000,0x00000000f6480000,0x00000000f8a00000)
 ParOldGen       total 179200K, used 108472K [0x0000000080000000, 0x000000008af00000, 0x00000000d5580000)
  object space 179200K, 60% used [0x0000000080000000,0x00000000869ee0c0,0x000000008af00000)
 Metaspace       used 105305K, capacity 110510K, committed 110616K, reserved 1144832K
  class space    used 13599K, capacity 14613K, committed 14640K, reserved 1048576K
Event: 513.229 GC heap after
Heap after GC invocations=27 (full 4):
 PSYoungGen      total 578048K, used 7821K [0x00000000d5580000, 0x0000000100000000, 0x0000000100000000)
  eden space 539648K, 0% used [0x00000000d5580000,0x00000000d5580000,0x00000000f6480000)
  from space 38400K, 20% used [0x00000000f6480000,0x00000000f6c23408,0x00000000f8a00000)
  to   space 37376K, 0% used [0x00000000fdb80000,0x00000000fdb80000,0x0000000100000000)
 ParOldGen       total 179200K, used 111506K [0x0000000080000000, 0x000000008af00000, 0x00000000d5580000)
  object space 179200K, 62% used [0x0000000080000000,0x0000000086ce4a70,0x000000008af00000)
 Metaspace       used 105305K, capacity 110510K, committed 110616K, reserved 1144832K
  class space    used 13599K, capacity 14613K, committed 14640K, reserved 1048576K
}
Event: 527.399 GC heap before
{Heap before GC invocations=28 (full 4):
 PSYoungGen      total 578048K, used 547469K [0x00000000d5580000, 0x0000000100000000, 0x0000000100000000)
  eden space 539648K, 100% used [0x00000000d5580000,0x00000000f6480000,0x00000000f6480000)
  from space 38400K, 20% used [0x00000000f6480000,0x00000000f6c23408,0x00000000f8a00000)
  to   space 37376K, 0% used [0x00000000fdb80000,0x00000000fdb80000,0x0000000100000000)
 ParOldGen       total 179200K, used 111506K [0x0000000080000000, 0x000000008af00000, 0x00000000d5580000)
  object space 179200K, 62% used [0x0000000080000000,0x0000000086ce4a70,0x000000008af00000)
 Metaspace       used 105377K, capacity 110578K, committed 110616K, reserved 1144832K
  class space    used 13599K, capacity 14613K, committed 14640K, reserved 1048576K
Event: 532.435 GC heap after
Heap after GC invocations=28 (full 4):
 PSYoungGen      total 656384K, used 10115K [0x00000000d5580000, 0x00000000ffc00000, 0x0000000100000000)
  eden space 623104K, 0% used [0x00000000d5580000,0x00000000d5580000,0x00000000fb600000)
  from space 33280K, 30% used [0x00000000fdb80000,0x00000000fe560cd0,0x00000000ffc00000)
  to   space 35840K, 0% used [0x00000000fb600000,0x00000000fb600000,0x00000000fd900000)
 ParOldGen       total 179200K, used 116308K [0x0000000080000000, 0x000000008af00000, 0x00000000d5580000)
  object space 179200K, 64% used [0x0000000080000000,0x00000000871952b8,0x000000008af00000)
 Metaspace       used 105377K, capacity 110578K, committed 110616K, reserved 1144832K
  class space    used 13599K, capacity 14613K, committed 14640K, reserved 1048576K
}
Event: 538.621 GC heap before
{Heap before GC invocations=29 (full 4):
 PSYoungGen      total 656384K, used 633219K [0x00000000d5580000, 0x00000000ffc00000, 0x0000000100000000)
  eden space 623104K, 100% used [0x00000000d5580000,0x00000000fb600000,0x00000000fb600000)
  from space 33280K, 30% used [0x00000000fdb80000,0x00000000fe560cd0,0x00000000ffc00000)
  to   space 35840K, 0% used [0x00000000fb600000,0x00000000fb600000,0x00000000fd900000)
 ParOldGen       total 179200K, used 116308K [0x0000000080000000, 0x000000008af00000, 0x00000000d5580000)
  object space 179200K, 64% used [0x0000000080000000,0x00000000871952b8,0x000000008af00000)
 Metaspace       used 105500K, capacity 110684K, committed 110872K, reserved 1144832K
  class space    used 13604K, capacity 14618K, committed 14640K, reserved 1048576K
Event: 538.770 GC heap after
Heap after GC invocations=29 (full 4):
 PSYoungGen      total 658944K, used 14670K [0x00000000d5580000, 0x00000000ffe80000, 0x0000000100000000)
  eden space 623104K, 0% used [0x00000000d5580000,0x00000000d5580000,0x00000000fb600000)
  from space 35840K, 40% used [0x00000000fb600000,0x00000000fc453aa8,0x00000000fd900000)
  to   space 33792K, 0% used [0x00000000fdd80000,0x00000000fdd80000,0x00000000ffe80000)
 ParOldGen       total 179200K, used 121989K [0x0000000080000000, 0x000000008af00000, 0x00000000d5580000)
  object space 179200K, 68% used [0x0000000080000000,0x0000000087721688,0x000000008af00000)
 Metaspace       used 105500K, capacity 110684K, committed 110872K, reserved 1144832K
  class space    used 13604K, capacity 14618K, committed 14640K, reserved 1048576K
}

